[0m16:57:06.075734 [debug] [MainThread]: Sending event: {'category': 'dbt', 'action': 'invocation', 'label': 'start', 'context': [<snowplow_tracker.self_describing_json.SelfDescribingJson object at 0x000002A3E27AB2B0>, <snowplow_tracker.self_describing_json.SelfDescribingJson object at 0x000002A3E4D33B80>, <snowplow_tracker.self_describing_json.SelfDescribingJson object at 0x000002A3E4D33100>]}


============================== 16:57:06.080314 | 0467e51d-655f-4965-bff8-020292d2614c ==============================
[0m16:57:06.080314 [info ] [MainThread]: Running with dbt=1.8.1
[0m16:57:06.080314 [debug] [MainThread]: running dbt with arguments {'printer_width': '80', 'indirect_selection': 'eager', 'write_json': 'True', 'log_cache_events': 'False', 'partial_parse': 'True', 'cache_selected_only': 'False', 'profiles_dir': 'C:\\Users\\Jay Gujarathi\\.dbt', 'version_check': 'True', 'fail_fast': 'False', 'log_path': 'logs', 'debug': 'False', 'warn_error': 'None', 'use_colors': 'True', 'use_experimental_parser': 'False', 'no_print': 'None', 'quiet': 'False', 'warn_error_options': 'WarnErrorOptions(include=[], exclude=[])', 'invocation_command': 'dbt init', 'log_format': 'default', 'static_parser': 'True', 'target_path': 'None', 'introspect': 'True', 'send_anonymous_usage_stats': 'True'}
[0m16:57:06.096390 [warn ] [MainThread]: [ConfigFolderDirectory]: Unable to parse dict {'dir': WindowsPath('C:/Users/Jay Gujarathi/.dbt')}
[0m16:57:06.096390 [info ] [MainThread]: Creating dbt configuration folder at 
[0m16:57:10.587902 [debug] [MainThread]: Starter project path: C:\Users\Jay Gujarathi\AppData\Roaming\Python\Python310\site-packages\dbt\include\starter_project
[0m16:57:10.653960 [info ] [MainThread]: 
Your new dbt project "data_pipeline" was created!

For more information on how to configure the profiles.yml file,
please consult the dbt documentation here:

  https://docs.getdbt.com/docs/configure-your-profile

One more thing:

Need help? Don't hesitate to reach out to us via GitHub issues or on Slack:

  https://community.getdbt.com/

Happy modeling!

[0m16:57:10.655058 [info ] [MainThread]: Setting up your profile.
[0m16:59:21.854474 [info ] [MainThread]: Profile data_pipeline written to C:\Users\Jay Gujarathi\.dbt\profiles.yml using target's profile_template.yml and your supplied values. Run 'dbt debug' to validate the connection.
[0m16:59:21.860939 [debug] [MainThread]: Command `dbt init` succeeded at 16:59:21.860939 after 135.89 seconds
[0m16:59:21.862330 [debug] [MainThread]: Sending event: {'category': 'dbt', 'action': 'invocation', 'label': 'end', 'context': [<snowplow_tracker.self_describing_json.SelfDescribingJson object at 0x000002A3E27AB2B0>, <snowplow_tracker.self_describing_json.SelfDescribingJson object at 0x000002A3E2E09B40>, <snowplow_tracker.self_describing_json.SelfDescribingJson object at 0x000002A3E4DC9B10>]}
[0m16:59:21.865187 [debug] [MainThread]: Flushing usage events
[0m13:18:37.080402 [debug] [MainThread]: Sending event: {'category': 'dbt', 'action': 'invocation', 'label': 'start', 'context': [<snowplow_tracker.self_describing_json.SelfDescribingJson object at 0x000001B06467F250>, <snowplow_tracker.self_describing_json.SelfDescribingJson object at 0x000001B067403B20>, <snowplow_tracker.self_describing_json.SelfDescribingJson object at 0x000001B0674038E0>]}


============================== 13:18:37.084941 | 934725fe-5b4f-40d0-80ff-d1a3a95e2ba7 ==============================
[0m13:18:37.084941 [info ] [MainThread]: Running with dbt=1.8.1
[0m13:18:37.085941 [debug] [MainThread]: running dbt with arguments {'printer_width': '80', 'indirect_selection': 'eager', 'log_cache_events': 'False', 'write_json': 'True', 'partial_parse': 'True', 'cache_selected_only': 'False', 'profiles_dir': 'C:\\Users\\Jay Gujarathi\\.dbt', 'fail_fast': 'False', 'warn_error': 'None', 'log_path': 'logs', 'debug': 'False', 'version_check': 'True', 'use_colors': 'True', 'use_experimental_parser': 'False', 'no_print': 'None', 'quiet': 'False', 'warn_error_options': 'WarnErrorOptions(include=[], exclude=[])', 'invocation_command': 'dbt debug', 'log_format': 'default', 'introspect': 'True', 'target_path': 'None', 'static_parser': 'True', 'send_anonymous_usage_stats': 'True'}
[0m13:18:37.112715 [info ] [MainThread]: dbt version: 1.8.1
[0m13:18:37.112715 [info ] [MainThread]: python version: 3.10.6
[0m13:18:37.114150 [info ] [MainThread]: python path: C:\Program Files\Python310\python.exe
[0m13:18:37.115155 [info ] [MainThread]: os info: Windows-10-10.0.22631-SP0
[0m13:18:38.143108 [info ] [MainThread]: Using profiles dir at C:\Users\Jay Gujarathi\.dbt
[0m13:18:38.144112 [info ] [MainThread]: Using profiles.yml file at C:\Users\Jay Gujarathi\.dbt\profiles.yml
[0m13:18:38.145112 [info ] [MainThread]: Using dbt_project.yml file at C:\Users\Jay Gujarathi\Desktop\dbt\dbt_project.yml
[0m13:18:38.147175 [info ] [MainThread]: adapter type: snowflake
[0m13:18:38.148113 [info ] [MainThread]: adapter version: 1.8.2
[0m13:18:38.149114 [info ] [MainThread]: Configuration:
[0m13:18:38.150113 [info ] [MainThread]:   profiles.yml file [[32mOK found and valid[0m]
[0m13:18:38.151113 [info ] [MainThread]:   dbt_project.yml file [[31mERROR not found[0m]
[0m13:18:38.152617 [info ] [MainThread]: Required dependencies:
[0m13:18:38.153745 [debug] [MainThread]: Executing "git --help"
[0m13:18:38.222578 [debug] [MainThread]: STDOUT: "b"usage: git [-v | --version] [-h | --help] [-C <path>] [-c <name>=<value>]\n           [--exec-path[=<path>]] [--html-path] [--man-path] [--info-path]\n           [-p | --paginate | -P | --no-pager] [--no-replace-objects] [--bare]\n           [--git-dir=<path>] [--work-tree=<path>] [--namespace=<name>]\n           [--super-prefix=<path>] [--config-env=<name>=<envvar>]\n           <command> [<args>]\n\nThese are common Git commands used in various situations:\n\nstart a working area (see also: git help tutorial)\n   clone     Clone a repository into a new directory\n   init      Create an empty Git repository or reinitialize an existing one\n\nwork on the current change (see also: git help everyday)\n   add       Add file contents to the index\n   mv        Move or rename a file, a directory, or a symlink\n   restore   Restore working tree files\n   rm        Remove files from the working tree and from the index\n\nexamine the history and state (see also: git help revisions)\n   bisect    Use binary search to find the commit that introduced a bug\n   diff      Show changes between commits, commit and working tree, etc\n   grep      Print lines matching a pattern\n   log       Show commit logs\n   show      Show various types of objects\n   status    Show the working tree status\n\ngrow, mark and tweak your common history\n   branch    List, create, or delete branches\n   commit    Record changes to the repository\n   merge     Join two or more development histories together\n   rebase    Reapply commits on top of another base tip\n   reset     Reset current HEAD to the specified state\n   switch    Switch branches\n   tag       Create, list, delete or verify a tag object signed with GPG\n\ncollaborate (see also: git help workflows)\n   fetch     Download objects and refs from another repository\n   pull      Fetch from and integrate with another repository or a local branch\n   push      Update remote refs along with associated objects\n\n'git help -a' and 'git help -g' list available subcommands and some\nconcept guides. See 'git help <command>' or 'git help <concept>'\nto read about a specific subcommand or concept.\nSee 'git help git' for an overview of the system.\n""
[0m13:18:38.222578 [debug] [MainThread]: STDERR: "b''"
[0m13:18:38.223880 [info ] [MainThread]:  - git [[32mOK found[0m]

[0m13:18:38.225879 [info ] [MainThread]: Connection:
[0m13:18:38.228876 [info ] [MainThread]:   account: cob12872
[0m13:18:38.230883 [info ] [MainThread]:   user: jayguj
[0m13:18:38.231875 [info ] [MainThread]:   database: dbt_db
[0m13:18:38.232947 [info ] [MainThread]:   warehouse: dbt_wh
[0m13:18:38.234182 [info ] [MainThread]:   role: dbt_role
[0m13:18:38.234182 [info ] [MainThread]:   schema: dbt_schema
[0m13:18:38.235689 [info ] [MainThread]:   authenticator: None
[0m13:18:38.236751 [info ] [MainThread]:   oauth_client_id: None
[0m13:18:38.236751 [info ] [MainThread]:   query_tag: None
[0m13:18:38.237695 [info ] [MainThread]:   client_session_keep_alive: False
[0m13:18:38.238694 [info ] [MainThread]:   host: None
[0m13:18:38.239695 [info ] [MainThread]:   port: None
[0m13:18:38.240694 [info ] [MainThread]:   proxy_host: None
[0m13:18:38.240694 [info ] [MainThread]:   proxy_port: None
[0m13:18:38.241697 [info ] [MainThread]:   protocol: None
[0m13:18:38.244230 [info ] [MainThread]:   connect_retries: 1
[0m13:18:38.245278 [info ] [MainThread]:   connect_timeout: None
[0m13:18:38.246299 [info ] [MainThread]:   retry_on_database_errors: False
[0m13:18:38.247225 [info ] [MainThread]:   retry_all: False
[0m13:18:38.248223 [info ] [MainThread]:   insecure_mode: False
[0m13:18:38.249223 [info ] [MainThread]:   reuse_connections: None
[0m13:18:38.250223 [info ] [MainThread]: Registered adapter: snowflake=1.8.2
[0m13:18:38.251267 [debug] [MainThread]: Acquiring new snowflake connection 'debug'
[0m13:18:38.251267 [debug] [MainThread]: Using snowflake connection "debug"
[0m13:18:38.252859 [debug] [MainThread]: On debug: select 1 as id
[0m13:18:38.253912 [debug] [MainThread]: Opening a new connection, currently in state init
[0m13:18:39.604259 [debug] [MainThread]: Snowflake adapter: Error running SQL: select 1 as id
[0m13:18:39.604259 [debug] [MainThread]: Snowflake adapter: Rolling back transaction.
[0m13:18:39.605264 [debug] [MainThread]: On debug: No close available on handle
[0m13:18:39.605264 [info ] [MainThread]:   Connection test: [[31mERROR[0m]

[0m13:18:39.607176 [info ] [MainThread]: [31m2 checks failed:[0m
[0m13:18:39.609180 [info ] [MainThread]: Project loading failed for the following reason:
 project path <C:\Users\Jay Gujarathi\Desktop\dbt\dbt_project.yml> not found

[0m13:18:39.610177 [info ] [MainThread]: dbt was unable to connect to the specified database.
The database returned the following error:

  >Database Error
  250001 (08001): Failed to connect to DB: cob12872.snowflakecomputing.com:443. Your free trial has ended and all of your virtual warehouses have been suspended. Add billing information in the Snowflake web UI to continue using the full set of Snowflake features.

Check your database credentials and try again. For more information, visit:
https://docs.getdbt.com/docs/configure-your-profile


[0m13:18:39.612770 [debug] [MainThread]: Command `dbt debug` failed at 13:18:39.612770 after 2.62 seconds
[0m13:18:39.613702 [debug] [MainThread]: Connection 'debug' was properly closed.
[0m13:18:39.613702 [debug] [MainThread]: Sending event: {'category': 'dbt', 'action': 'invocation', 'label': 'end', 'context': [<snowplow_tracker.self_describing_json.SelfDescribingJson object at 0x000001B06467F250>, <snowplow_tracker.self_describing_json.SelfDescribingJson object at 0x000001B067403400>, <snowplow_tracker.self_describing_json.SelfDescribingJson object at 0x000001B0782DEFB0>]}
[0m13:18:39.614708 [debug] [MainThread]: Flushing usage events
